2024-09-01 10:05:21 ERROR: Database connection failed.
2024-09-01 10:06:10 INFO: Retrying database connection...
2024-09-01 10:07:35 ERROR: Database connection failed.
2024-09-01 10:09:55 INFO: Database connection established.
2024-09-01 11:00:00 INFO: SENSITIVE_DATA: User password is 12345.
2024-09-01 11:10:00 INFO: User logged in with username: admin.
2024-09-01 12:30:45 ERROR: SENSITIVE_DATA: Unauthorized access attempt from IP 192.168.1.10.
2024-09-01 13:00:00 ERROR: SENSITIVE_DATA: Credit card information exposed.
2024-09-01 13:05:00 INFO: Backup completed successfully.
2024-09-01 14:15:30 INFO: Application running smoothly.
2024-09-01 14:20:10 ERROR: Disk space low on /var.
2024-09-01 15:00:00 INFO: Application shut down for maintenance.
2024-09-01 16:30:00 ERROR: Database connection failed.
2024-09-01 16:30:00 ERROR: Database connection failed.
2024-09-01 16:35:00 ERROR: Disk space low on /var.
2024-09-01 16:40:00 ERROR: Disk space low on /var.
2024-09-01 17:00:00 INFO: Maintenance completed.
2024-09-01 17:15:45 ERROR: Application crash due to memory leak.
2024-09-01 18:05:21 INFO: Application restarted.
2024-09-01 19:30:00 INFO: User admin logged out.
2024-09-02 09:15:22 ERROR: SENSITIVE_DATA: User password reset request with token 98765.
2024-09-02 10:00:30 INFO: SENSITIVE_DATA: User email: user@example.com accessed sensitive data.
2024-09-02 11:20:11 ERROR: SENSITIVE_DATA: Failed login attempt with username: guest.
2024-09-02 12:45:00 INFO: SENSITIVE_DATA: API key leaked: ABCD1234EFGH5678.
2024-09-02 13:30:00 INFO: Scheduled maintenance started.
2024-09-02 14:15:00 ERROR: Database connection failed during maintenance.
2024-09-02 15:00:00 INFO: Maintenance completed.
2024-09-03 08:00:00 INFO: SENSITIVE_DATA: User credit card last four digits: 1234.
2024-09-03 09:45:00 ERROR: Unauthorized access attempt from IP 192.168.1.15.
2024-09-03 10:30:00 INFO: User admin logged in from IP 10.0.0.2.
2024-09-03 11:00:00 INFO: Application settings updated by user: admin.
2024-09-03 12:00:00 ERROR: SENSITIVE_DATA: Database backup contains sensitive information.
